nohup: ignoring input
[I 2025-12-12 17:39:55.217 ServerApp] jupyter_lsp | extension was successfully linked.
[I 2025-12-12 17:39:55.220 ServerApp] jupyter_server_terminals | extension was successfully linked.
[I 2025-12-12 17:39:55.225 ServerApp] jupyterlab | extension was successfully linked.
[I 2025-12-12 17:39:55.225 ServerApp] jupyterlab_code_formatter | extension was successfully linked.
[I 2025-12-12 17:39:55.229 ServerApp] notebook | extension was successfully linked.
[I 2025-12-12 17:39:55.442 ServerApp] notebook_shim | extension was successfully linked.
[I 2025-12-12 17:39:55.458 ServerApp] notebook_shim | extension was successfully loaded.
[I 2025-12-12 17:39:55.460 ServerApp] jupyter_lsp | extension was successfully loaded.
[I 2025-12-12 17:39:55.461 ServerApp] jupyter_server_terminals | extension was successfully loaded.
[I 2025-12-12 17:39:55.464 LabApp] JupyterLab extension loaded from /workspace/Self-Forcing-fork/.venv/lib/python3.10/site-packages/jupyterlab
[I 2025-12-12 17:39:55.464 LabApp] JupyterLab application directory is /workspace/Self-Forcing-fork/.venv/share/jupyter/lab
[I 2025-12-12 17:39:55.464 LabApp] Extension Manager is 'pypi'.
[I 2025-12-12 17:39:55.555 ServerApp] jupyterlab | extension was successfully loaded.
[I 2025-12-12 17:39:55.555 ServerApp] Registered jupyterlab_code_formatter server extension
[I 2025-12-12 17:39:55.555 ServerApp] jupyterlab_code_formatter | extension was successfully loaded.
[I 2025-12-12 17:39:55.559 ServerApp] notebook | extension was successfully loaded.
[I 2025-12-12 17:39:55.559 ServerApp] Serving notebooks from local directory: /workspace/Self-Forcing-fork
[I 2025-12-12 17:39:55.559 ServerApp] Jupyter Server 2.17.0 is running at:
[I 2025-12-12 17:39:55.559 ServerApp] http://89f9ea36c024:8888/lab?token=a101dec926c687011090a159cad645838d462815a0936c73
[I 2025-12-12 17:39:55.559 ServerApp]     http://127.0.0.1:8888/lab?token=a101dec926c687011090a159cad645838d462815a0936c73
[I 2025-12-12 17:39:55.559 ServerApp] Use Control-C to stop this server and shut down all kernels (twice to skip confirmation).
[C 2025-12-12 17:39:55.562 ServerApp] 
    
    To access the server, open this file in a browser:
        file:///root/.local/share/jupyter/runtime/jpserver-28185-open.html
    Or copy and paste one of these URLs:
        http://89f9ea36c024:8888/lab?token=a101dec926c687011090a159cad645838d462815a0936c73
        http://127.0.0.1:8888/lab?token=a101dec926c687011090a159cad645838d462815a0936c73
[I 2025-12-12 17:39:55.579 ServerApp] Skipped non-installed server(s): basedpyright, bash-language-server, dockerfile-language-server-nodejs, javascript-typescript-langserver, jedi-language-server, julia-language-server, pyrefly, pyright, python-language-server, python-lsp-server, r-languageserver, sql-language-server, texlab, typescript-language-server, unified-language-server, vscode-css-languageserver-bin, vscode-html-languageserver-bin, vscode-json-languageserver-bin, yaml-language-server
[I 2025-12-12 17:40:00.536 ServerApp] Saving file at /plt_fig4.ipynb
[W 2025-12-12 17:40:01.553 ServerApp] 404 GET /api/kernels/0635c3eb-dcab-41b8-ad98-c994eba77654?1765561204979 (172.17.0.1): Kernel does not exist: 0635c3eb-dcab-41b8-ad98-c994eba77654
[W 2025-12-12 17:40:01.553 ServerApp] wrote error: 'Kernel does not exist: 0635c3eb-dcab-41b8-ad98-c994eba77654'
    Traceback (most recent call last):
      File "/workspace/Self-Forcing-fork/.venv/lib/python3.10/site-packages/tornado/web.py", line 1859, in _execute
        result = await result
      File "/workspace/Self-Forcing-fork/.venv/lib/python3.10/site-packages/jupyter_server/auth/decorator.py", line 73, in inner
        return await out
      File "/workspace/Self-Forcing-fork/.venv/lib/python3.10/site-packages/jupyter_server/services/kernels/handlers.py", line 75, in get
        model = await ensure_async(km.kernel_model(kernel_id))
      File "/workspace/Self-Forcing-fork/.venv/lib/python3.10/site-packages/jupyter_server/services/kernels/kernelmanager.py", line 513, in kernel_model
        self._check_kernel_id(kernel_id)
      File "/workspace/Self-Forcing-fork/.venv/lib/python3.10/site-packages/jupyter_server/services/kernels/kernelmanager.py", line 544, in _check_kernel_id
        raise web.HTTPError(404, "Kernel does not exist: %s" % kernel_id)
    tornado.web.HTTPError: HTTP 404: Not Found (Kernel does not exist: 0635c3eb-dcab-41b8-ad98-c994eba77654)
[W 2025-12-12 17:40:01.556 ServerApp] 404 GET /api/kernels/0635c3eb-dcab-41b8-ad98-c994eba77654?1765561204979 (4b4c9c4842df4edfaf32197c57e7576e@172.17.0.1) 5.55ms referer=http://localhost:8890/doc/tree/plt_fig4.ipynb
[W 2025-12-12 17:40:07.037 ServerApp] 404 GET /hybridaction/zybTrackerStatisticsAction?data=%7B%7D&__callback__=__cb__zybTrackerStatisticsAction__f45aa401_6d35_40f8_b8e3_221d757c048e__0 (4b4c9c4842df4edfaf32197c57e7576e@172.17.0.1) 39.25ms referer=http://localhost:8890/doc/tree/plt_fig4.ipynb
[W 2025-12-12 17:40:07.041 ServerApp] 404 GET /hybridaction/zybTrackerStatisticsAction?data=%7B%7D&__callback__=__cb__zybTrackerStatisticsAction__9544d744_877b_4bb7_a43e_f4ddc9a7a339__1 (4b4c9c4842df4edfaf32197c57e7576e@172.17.0.1) 2.23ms referer=http://localhost:8890/doc/tree/plt_fig4.ipynb
[W 2025-12-12 17:40:08.843 LabApp] Could not determine jupyterlab build status without nodejs
[I 2025-12-12 17:40:13.131 ServerApp] Kernel started: 9e041119-2d92-4748-b68a-c16af68892c6
[I 2025-12-12 17:40:13.766 ServerApp] Adapting from protocol version 5.3 (kernel 9e041119-2d92-4748-b68a-c16af68892c6) to 5.4 (client).
[I 2025-12-12 17:40:13.768 ServerApp] Connecting to kernel 9e041119-2d92-4748-b68a-c16af68892c6.
[W 2025-12-12 17:40:13.772 ServerApp] The websocket_ping_timeout (90000) cannot be longer than the websocket_ping_interval (30000).
    Setting websocket_ping_timeout=30000
[I 2025-12-12 17:40:14.074 ServerApp] Starting buffering for 9e041119-2d92-4748-b68a-c16af68892c6:d192a165-d696-48aa-b05a-a8671f4c14f2
[I 2025-12-12 17:40:14.078 ServerApp] Adapting from protocol version 5.3 (kernel 9e041119-2d92-4748-b68a-c16af68892c6) to 5.4 (client).
[I 2025-12-12 17:40:14.080 ServerApp] Connecting to kernel 9e041119-2d92-4748-b68a-c16af68892c6.
[I 2025-12-12 17:40:14.360 ServerApp] Adapting from protocol version 5.3 (kernel 9e041119-2d92-4748-b68a-c16af68892c6) to 5.4 (client).
[I 2025-12-12 17:40:14.361 ServerApp] Connecting to kernel 9e041119-2d92-4748-b68a-c16af68892c6.
